date: 2014-02-26 15:12:39.295
argv: c:\Program Files\nodejs\node.exe c:\Users\chong.fan\AppData\Roaming\npm\node_modules\hexo\bin\hexo generate
os: Windows_NT 6.1.7601 win32 x64
version:
  hexo: 2.4.5
  http_parser: 1.0
  node: 0.10.25
  v8: 3.14.5.9
  ares: 1.9.0-DEV
  uv: 0.10.23
  zlib: 1.2.3
  modules: 11
  openssl: 1.0.1e
---

[debug] 15:12:38.562 Configuration file load successfully
[debug] 15:12:38.566 Version info checked successfully
[debug] 15:12:38.604 Loading database.
[debug] 15:12:38.656 Script load successfully: fancybox.js
[debug] 15:12:38.682 Script load successfully: fancybox.js
[debug] 15:12:38.751 Theme layout loaded
[debug] 15:12:38.762 Processed: favicon.ico
[debug] 15:12:38.764 Theme language files loaded
[debug] 15:12:38.775 Processed: about/index.md
[debug] 15:12:38.778 Theme configuration loaded
[debug] 15:12:38.895 Processed: _posts/redis-replication.md
[debug] 15:12:38.899 Cache saved
[debug] 15:12:39.092 Theme source loaded
[info] 15:12:39.123 Files loaded in 0.440s
[debug] 15:12:39.180 Render archive: archives/
[debug] 15:12:39.181 Render archive: archives/2013/
[debug] 15:12:39.181 Render archive: archives/2013/12/
[debug] 15:12:39.181 Render category: categories/tech/
[debug] 15:12:39.181 Render index: 
[debug] 15:12:39.181 Render page: about/index.html
[debug] 15:12:39.181 Render post: 2013/12/13/redis-replication/
[debug] 15:12:39.181 Render tag: tags/redis/
[debug] 15:12:39.181 Render tag: tags/replication/
[debug] 15:12:39.181 Render tag: tags/translate/
[error] 15:12:39.249 Error: EISDIR, read
Error: EISDIR, read
